================================================================================
📚 Подготовка датасета из томов уголовного дела
================================================================================

🙏 Духовная миссия: Служение истине через AI

🔧 Инициализация OCR движка...
   ✅ OCR Engine готов (языки: rus, eng)
   ✅ OCR готов

📁 Найдено томов: 115
   Обрабатываем по 10 страниц из каждого

📄 [1/115] Том 215.pdf
   📄 Конвертация PDF в изображения (DPI: 300)...
   🔍 OCR распознавание 10 страниц...
      Обработано 10/10 страниц
   ✅ OCR завершен (10 страниц)
   ✅ Обработано 10 страниц
📄 [2/115] Том_001.pdf
   📄 Конвертация PDF в изображения (DPI: 300)...
   🔍 OCR распознавание 10 страниц...
      Обработано 10/10 страниц
   ✅ OCR завершен (10 страниц)
   ✅ Обработано 10 страниц
📄 [3/115] Том_002.pdf
   📄 Конвертация PDF в изображения (DPI: 300)...
   🔍 OCR распознавание 10 страниц...
      Обработано 10/10 страниц
   ✅ OCR завершен (10 страниц)
   ✅ Обработано 10 страниц
📄 [4/115] Том_003.pdf
   📄 Конвертация PDF в изображения (DPI: 300)...
   🔍 OCR распознавание 10 страниц...
      Обработано 10/10 страниц
   ✅ OCR завершен (10 страниц)
   ✅ Обработано 10 страниц
📄 [5/115] Том_004.pdf
   📄 Конвертация PDF в изображения (DPI: 300)...
   🔍 OCR распознавание 10 страниц...
      Обработано 10/10 страниц
   ✅ OCR завершен (10 страниц)
   ✅ Обработано 10 страниц
📄 [6/115] Том_005.pdf
   📄 Конвертация PDF в изображения (DPI: 300)...
   🔍 OCR распознавание 10 страниц...
      Обработано 10/10 страниц
   ✅ OCR завершен (10 страниц)
   ✅ Обработано 10 страниц
📄 [7/115] Том_006.pdf
   📄 Конвертация PDF в изображения (DPI: 300)...
   🔍 OCR распознавание 10 страниц...
      Обработано 10/10 страниц
   ✅ OCR завершен (10 страниц)
   ✅ Обработано 10 страниц
📄 [8/115] Том_007.pdf
   📄 Конвертация PDF в изображения (DPI: 300)...
   🔍 OCR распознавание 10 страниц...
      Обработано 10/10 страниц
   ✅ OCR завершен (10 страниц)
   ✅ Обработано 10 страниц
📄 [9/115] Том_008.pdf
   📄 Конвертация PDF в изображения (DPI: 300)...
   🔍 OCR распознавание 10 страниц...
      Обработано 10/10 страниц
   ✅ OCR завершен (10 страниц)
   ✅ Обработано 10 страниц
📄 [10/115] Том_009.pdf
   📄 Конвертация PDF в изображения (DPI: 300)...
   🔍 OCR распознавание 10 страниц...
      Обработано 10/10 страниц
   ✅ OCR завершен (10 страниц)
   ✅ Обработано 10 страниц

💾 Промежуточное сохранение...
   💾 Сохранено: ../datasets/legal_case_viktor/legal_dataset_partial.jsonl
   📊 Статистика: ../datasets/legal_case_viktor/stats_partial.json
      - Сфера 047 (СЛЕДОВАТЕЛЬ): 100
      - Сфера 048 (ПРОКУРОР): 100
      - Сфера 049 (СУДЬЯ): 100
📄 [11/115] Том_010.pdf
   📄 Конвертация PDF в изображения (DPI: 300)...
   🔍 OCR распознавание 10 страниц...
      Обработано 10/10 страниц
   ✅ OCR завершен (10 страниц)
   ✅ Обработано 9 страниц
📄 [12/115] Том_011.pdf
   📄 Конвертация PDF в изображения (DPI: 300)...
   🔍 OCR распознавание 10 страниц...
      Обработано 10/10 страниц
   ✅ OCR завершен (10 страниц)
   ✅ Обработано 10 страниц
📄 [13/115] Том_012.pdf
   📄 Конвертация PDF в изображения (DPI: 300)...
   🔍 OCR распознавание 10 страниц...
      Обработано 10/10 страниц
   ✅ OCR завершен (10 страниц)
   ✅ Обработано 10 страниц
📄 [14/115] Том_013.pdf
   📄 Конвертация PDF в изображения (DPI: 300)...
   🔍 OCR распознавание 10 страниц...
      Обработано 10/10 страниц
   ✅ OCR завершен (10 страниц)
   ✅ Обработано 10 страниц
📄 [15/115] Том_014.pdf
   📄 Конвертация PDF в изображения (DPI: 300)...
   🔍 OCR распознавание 10 страниц...
      Обработано 10/10 страниц
   ✅ OCR завершен (10 страниц)
   ✅ Обработано 10 страниц
📄 [16/115] Том_015.pdf
   📄 Конвертация PDF в изображения (DPI: 300)...
   🔍 OCR распознавание 10 страниц...
      Обработано 10/10 страниц
   ✅ OCR завершен (10 страниц)
   ✅ Обработано 10 страниц
📄 [17/115] Том_016.pdf
   📄 Конвертация PDF в изображения (DPI: 300)...
   🔍 OCR распознавание 10 страниц...
      Обработано 10/10 страниц
   ✅ OCR завершен (10 страниц)
   ✅ Обработано 10 страниц
📄 [18/115] Том_017.pdf
   📄 Конвертация PDF в изображения (DPI: 300)...
   🔍 OCR распознавание 10 страниц...
      Обработано 10/10 страниц
   ✅ OCR завершен (10 страниц)
   ✅ Обработано 10 страниц
📄 [19/115] Том_018.pdf
   📄 Конвертация PDF в изображения (DPI: 300)...
   🔍 OCR распознавание 10 страниц...
      Обработано 10/10 страниц
   ✅ OCR завершен (10 страниц)
   ✅ Обработано 10 страниц
📄 [20/115] Том_020.pdf
   📄 Конвертация PDF в изображения (DPI: 300)...
   🔍 OCR распознавание 10 страниц...
      Обработано 10/10 страниц
   ✅ OCR завершен (10 страниц)
   ✅ Обработано 10 страниц

💾 Промежуточное сохранение...
   💾 Сохранено: ../datasets/legal_case_viktor/legal_dataset_partial.jsonl
   📊 Статистика: ../datasets/legal_case_viktor/stats_partial.json
      - Сфера 047 (СЛЕДОВАТЕЛЬ): 199
      - Сфера 048 (ПРОКУРОР): 199
      - Сфера 049 (СУДЬЯ): 199
📄 [21/115] Том_021.pdf
   📄 Конвертация PDF в изображения (DPI: 300)...
   🔍 OCR распознавание 10 страниц...
      Обработано 10/10 страниц
   ✅ OCR завершен (10 страниц)
   ✅ Обработано 10 страниц
📄 [22/115] Том_022.pdf
   📄 Конвертация PDF в изображения (DPI: 300)...
   🔍 OCR распознавание 10 страниц...
      Обработано 10/10 страниц
   ✅ OCR завершен (10 страниц)
   ✅ Обработано 10 страниц
📄 [23/115] Том_023.pdf
   📄 Конвертация PDF в изображения (DPI: 300)...
   🔍 OCR распознавание 10 страниц...
      Обработано 10/10 страниц/Users/anton/proj/ai.nativemind.net/multimodal_braindler/venv/lib/python3.13/site-packages/PIL/Image.py:3432: DecompressionBombWarning: Image size (94005125 pixels) exceeds limit of 89478485 pixels, could be decompression bomb DOS attack.
  warnings.warn(

   ✅ OCR завершен (10 страниц)
   ✅ Обработано 10 страниц
📄 [24/115] Том_024.pdf
   📄 Конвертация PDF в изображения (DPI: 300)...
   🔍 OCR распознавание 10 страниц...
      Обработано 10/10 страниц
   ✅ OCR завершен (10 страниц)
   ✅ Обработано 10 страниц
📄 [25/115] Том_025.pdf
   📄 Конвертация PDF в изображения (DPI: 300)...
   🔍 OCR распознавание 10 страниц...
      Обработано 10/10 страниц
   ✅ OCR завершен (10 страниц)
   ✅ Обработано 10 страниц
📄 [26/115] Том_026.pdf
   📄 Конвертация PDF в изображения (DPI: 300)...
   🔍 OCR распознавание 10 страниц...
      Обработано 10/10 страниц
   ✅ OCR завершен (10 страниц)
   ✅ Обработано 10 страниц
📄 [27/115] Том_028.pdf
   📄 Конвертация PDF в изображения (DPI: 300)...
   🔍 OCR распознавание 10 страниц...
      Обработано 10/10 страниц
   ✅ OCR завершен (10 страниц)
   ✅ Обработано 10 страниц
📄 [28/115] Том_029.pdf
   📄 Конвертация PDF в изображения (DPI: 300)...
   🔍 OCR распознавание 10 страниц...
      Обработано 10/10 страниц
   ✅ OCR завершен (10 страниц)
   ✅ Обработано 10 страниц
📄 [29/115] Том_030.pdf
   📄 Конвертация PDF в изображения (DPI: 300)...
   🔍 OCR распознавание 10 страниц...
      Обработано 10/10 страниц
   ✅ OCR завершен (10 страниц)
   ✅ Обработано 10 страниц
📄 [30/115] Том_031.pdf
   📄 Конвертация PDF в изображения (DPI: 300)...
   🔍 OCR распознавание 10 страниц...
      Обработано 10/10 страниц
   ✅ OCR завершен (10 страниц)
   ✅ Обработано 10 страниц

💾 Промежуточное сохранение...
   💾 Сохранено: ../datasets/legal_case_viktor/legal_dataset_partial.jsonl
   📊 Статистика: ../datasets/legal_case_viktor/stats_partial.json
      - Сфера 047 (СЛЕДОВАТЕЛЬ): 299
      - Сфера 048 (ПРОКУРОР): 299
      - Сфера 049 (СУДЬЯ): 299
📄 [31/115] Том_032.pdf
   📄 Конвертация PDF в изображения (DPI: 300)...
   🔍 OCR распознавание 10 страниц...
      Обработано 10/10 страниц
   ✅ OCR завершен (10 страниц)
   ✅ Обработано 10 страниц
📄 [32/115] Том_033.pdf
   📄 Конвертация PDF в изображения (DPI: 300)...
   🔍 OCR распознавание 10 страниц...
      Обработано 10/10 страниц
   ✅ OCR завершен (10 страниц)
   ✅ Обработано 10 страниц
📄 [33/115] Том_034.pdf
   📄 Конвертация PDF в изображения (DPI: 300)...
   🔍 OCR распознавание 10 страниц...
      Обработано 10/10 страниц
   ✅ OCR завершен (10 страниц)
   ✅ Обработано 10 страниц
📄 [34/115] Том_035.pdf
   📄 Конвертация PDF в изображения (DPI: 300)...
   🔍 OCR распознавание 10 страниц...
      Обработано 10/10 страниц
   ✅ OCR завершен (10 страниц)
   ✅ Обработано 10 страниц
📄 [35/115] Том_036.pdf
   📄 Конвертация PDF в изображения (DPI: 300)...
   🔍 OCR распознавание 10 страниц...
      Обработано 10/10 страниц
   ✅ OCR завершен (10 страниц)
   ✅ Обработано 10 страниц
📄 [36/115] Том_038.pdf
   📄 Конвертация PDF в изображения (DPI: 300)...
   🔍 OCR распознавание 10 страниц...
      Обработано 10/10 страниц
   ✅ OCR завершен (10 страниц)
   ✅ Обработано 10 страниц
📄 [37/115] Том_040.pdf
   📄 Конвертация PDF в изображения (DPI: 300)...
   🔍 OCR распознавание 10 страниц...
      Обработано 10/10 страниц
   ✅ OCR завершен (10 страниц)
   ✅ Обработано 10 страниц
📄 [38/115] Том_041.pdf
   📄 Конвертация PDF в изображения (DPI: 300)...
   🔍 OCR распознавание 10 страниц...
      Обработано 10/10 страниц
   ✅ OCR завершен (10 страниц)
   ✅ Обработано 10 страниц
📄 [39/115] Том_042.pdf
   📄 Конвертация PDF в изображения (DPI: 300)...
   🔍 OCR распознавание 10 страниц...
      Обработано 10/10 страниц
   ✅ OCR завершен (10 страниц)
   ✅ Обработано 10 страниц
📄 [40/115] Том_043.pdf
   📄 Конвертация PDF в изображения (DPI: 300)...
   🔍 OCR распознавание 10 страниц...
      Обработано 10/10 страниц
   ✅ OCR завершен (10 страниц)
   ✅ Обработано 10 страниц

💾 Промежуточное сохранение...
   💾 Сохранено: ../datasets/legal_case_viktor/legal_dataset_partial.jsonl
   📊 Статистика: ../datasets/legal_case_viktor/stats_partial.json
      - Сфера 047 (СЛЕДОВАТЕЛЬ): 399
      - Сфера 048 (ПРОКУРОР): 399
      - Сфера 049 (СУДЬЯ): 399
📄 [41/115] Том_044.pdf
   📄 Конвертация PDF в изображения (DPI: 300)...
   🔍 OCR распознавание 10 страниц...
      Обработано 10/10 страниц
   ✅ OCR завершен (10 страниц)
   ✅ Обработано 10 страниц
📄 [42/115] Том_045.pdf
   📄 Конвертация PDF в изображения (DPI: 300)...
   🔍 OCR распознавание 10 страниц...
      Обработано 10/10 страниц
   ✅ OCR завершен (10 страниц)
   ✅ Обработано 10 страниц
📄 [43/115] Том_046.pdf
   📄 Конвертация PDF в изображения (DPI: 300)...
   🔍 OCR распознавание 10 страниц...
      Обработано 10/10 страниц
   ✅ OCR завершен (10 страниц)
   ✅ Обработано 10 страниц
📄 [44/115] Том_047.pdf
   📄 Конвертация PDF в изображения (DPI: 300)...
   🔍 OCR распознавание 10 страниц...
      Обработано 10/10 страниц
   ✅ OCR завершен (10 страниц)
   ✅ Обработано 10 страниц
📄 [45/115] Том_048.pdf
   📄 Конвертация PDF в изображения (DPI: 300)...
   🔍 OCR распознавание 10 страниц...
      Обработано 10/10 страниц
   ✅ OCR завершен (10 страниц)
   ✅ Обработано 10 страниц
📄 [46/115] Том_049.pdf
   📄 Конвертация PDF в изображения (DPI: 300)...
   🔍 OCR распознавание 10 страниц...
      Обработано 10/10 страниц
   ✅ OCR завершен (10 страниц)
   ✅ Обработано 10 страниц
📄 [47/115] Том_050.pdf
   📄 Конвертация PDF в изображения (DPI: 300)...
   🔍 OCR распознавание 10 страниц...
      Обработано 10/10 страниц
   ✅ OCR завершен (10 страниц)
   ✅ Обработано 10 страниц
📄 [48/115] Том_051.pdf